07/11/2018 16:05:39 The log file has been set-up.
07/11/2018 16:05:39  Running SF_DECONVOLVE
07/11/2018 16:05:39  - Input File: example/example_image_stack.fits
07/11/2018 16:05:39  - PSF File: example/example_psfs.fits
07/11/2018 16:05:39  - Mode: lowr
07/11/2018 16:05:39  - PSF Type: obj_var
07/11/2018 16:05:39  - Gradient Type: psf_known
07/11/2018 16:05:39  - Convolution Method: astropy
07/11/2018 16:05:39  - Optimisation: condat
07/11/2018 16:05:39  - Positivity: True
07/11/2018 16:05:39  - Number of Reweightings: 1
07/11/2018 16:05:39  - Number of Iterations: 150
07/11/2018 16:05:39  - Cost Function Window: 1
07/11/2018 16:05:39  - Convergence Tolerance: 0.0003
07/11/2018 16:05:39  - Suppress Plots:False
07/11/2018 16:05:39  - Low Rank Threshold Factor: 1
07/11/2018 16:05:39  - Low Rank Threshold Type: hard
07/11/2018 16:05:39  - Low Rank Type: standard
07/11/2018 16:05:40  - Noise Estimate: 0.00031169931950657725
07/11/2018 16:05:43  - Spectral Radius: 0.9999983922313669
07/11/2018 16:05:43  - tau: 0.5
07/11/2018 16:05:43  - sigma: 0.5
07/11/2018 16:05:43  - rho: 0.8
07/11/2018 16:05:43  - 1/tau - sigma||L||^2 >= beta/2: True
07/11/2018 16:05:43  - lambda: 0.012779651553013723
07/11/2018 16:05:43  - Primal Variable Shape: (100, 41, 41)
07/11/2018 16:05:43  - Dual Variable Shape: (100, 41, 41)
07/11/2018 16:07:10  - Final iteration number: 151
07/11/2018 16:07:10  - Final log10 cost value: -1.102483834194151
07/11/2018 16:07:10  - Converged: False
07/11/2018 16:07:10 Output 1 saved to: example/example_image_stack_lowr_primal.fits
07/11/2018 16:07:10 Output 2 saved to: example/example_image_stack_lowr_dual.fits
07/11/2018 16:07:10 Script successfully completed!
07/11/2018 16:07:10 
07/11/2018 16:07:10 The log file has been closed.
